빌드 시작: 2016-02-14 오후 9:35:30
     1>2 노드의 "H:\dev\play\poco_test\PluginLibrary\PluginLibrary.vcxproj" 프로젝트(build 대상)입니다.
     1>InitializeBuildStatus:
         "x64\Debug\PluginLibrary.unsuccessfulbuild"에 연결(touching)하고 있습니다.
       ClCompile:
         모든 출력이 최신 상태입니다.
         h:\Program Files (x86)\Microsoft Visual Studio 10.0\VC\bin\x86_amd64\CL.exe /c /Zi /nologo /W3 /WX- /Od /D WIN32 /D _DEBUG /D _WINDOWS /D _USRDLL /D PLUGINLIBRARY_EXPORTS /D _WINDLL /D _UNICODE /D UNICODE /Gm /EHsc /RTC1 /MDd /GS /fp:precise /Zc:wchar_t /Zc:forScope /Yu"StdAfx.h" /Fp"x64\Debug\PluginLibrary.pch" /Fo"x64\Debug\\" /Fd"x64\Debug\vc100.pdb" /Gd /TP /errorReport:prompt AbstractPlugin.cpp PluginLibrary.cpp
         PluginLibrary.cpp
         AbstractPlugin.cpp
         Generating Code...
         h:\Program Files (x86)\Microsoft Visual Studio 10.0\VC\bin\x86_amd64\CL.exe /c /Zi /nologo /W3 /WX- /Od /D WIN32 /D _DEBUG /D _WINDOWS /D _USRDLL /D PLUGINLIBRARY_EXPORTS /D _WINDLL /D _UNICODE /D UNICODE /Gm /EHsc /RTC1 /MDd /GS /fp:precise /Zc:wchar_t /Zc:forScope /Fo"x64\Debug\\" /Fd"x64\Debug\vc100.pdb" /Gd /TP /errorReport:prompt dllmain.cpp
         dllmain.cpp
       ManifestResourceCompile:
         C:\Program Files (x86)\Microsoft SDKs\Windows\v7.0A\bin\rc.exe /nologo /fo"x64\Debug\PluginLibrary.dll.embed.manifest.res" x64\Debug\PluginLibrary_manifest.rc 
       Link:
         h:\Program Files (x86)\Microsoft Visual Studio 10.0\VC\bin\x86_amd64\link.exe /ERRORREPORT:PROMPT /OUT:"H:\dev\play\poco_test\x64\Debug\PluginLibrary.dll" /INCREMENTAL /NOLOGO kernel32.lib user32.lib gdi32.lib winspool.lib comdlg32.lib advapi32.lib shell32.lib ole32.lib oleaut32.lib uuid.lib odbc32.lib odbccp32.lib /MANIFEST /ManifestFile:"x64\Debug\PluginLibrary.dll.intermediate.manifest" /MANIFESTUAC:"level='asInvoker' uiAccess='false'" /DEBUG /PDB:"H:\dev\play\poco_test\x64\Debug\PluginLibrary.pdb" /SUBSYSTEM:WINDOWS /TLBID:1 /DYNAMICBASE /NXCOMPAT /IMPLIB:"H:\dev\play\poco_test\x64\Debug\PluginLibrary.lib" /MACHINE:X64 /DLL x64\Debug\PluginLibrary.dll.embed.manifest.res
         x64\Debug\AbstractPlugin.obj
         x64\Debug\dllmain.obj
         x64\Debug\PluginLibrary.obj
         x64\Debug\stdafx.obj
            H:\dev\play\poco_test\x64\Debug\PluginLibrary.lib 라이브러리 및 H:\dev\play\poco_test\x64\Debug\PluginLibrary.exp 개체를 생성하고 있습니다.
         PluginLibrary.vcxproj -> H:\dev\play\poco_test\x64\Debug\PluginLibrary.dll
       Manifest:
         C:\Program Files (x86)\Microsoft SDKs\Windows\v7.0A\bin\mt.exe /nologo /verbose /out:"x64\Debug\PluginLibrary.dll.embed.manifest" /manifest x64\Debug\PluginLibrary.dll.intermediate.manifest
         C:\Program Files (x86)\Microsoft SDKs\Windows\v7.0A\bin\rc.exe /nologo /fo"x64\Debug\PluginLibrary.dll.embed.manifest.res" x64\Debug\PluginLibrary_manifest.rc 
       LinkEmbedManifest:
         h:\Program Files (x86)\Microsoft Visual Studio 10.0\VC\bin\x86_amd64\link.exe /ERRORREPORT:PROMPT /OUT:"H:\dev\play\poco_test\x64\Debug\PluginLibrary.dll" /INCREMENTAL /NOLOGO kernel32.lib user32.lib gdi32.lib winspool.lib comdlg32.lib advapi32.lib shell32.lib ole32.lib oleaut32.lib uuid.lib odbc32.lib odbccp32.lib /MANIFEST /ManifestFile:"x64\Debug\PluginLibrary.dll.intermediate.manifest" /MANIFESTUAC:"level='asInvoker' uiAccess='false'" /DEBUG /PDB:"H:\dev\play\poco_test\x64\Debug\PluginLibrary.pdb" /SUBSYSTEM:WINDOWS /TLBID:1 /DYNAMICBASE /NXCOMPAT /IMPLIB:"H:\dev\play\poco_test\x64\Debug\PluginLibrary.lib" /MACHINE:X64 /DLL x64\Debug\PluginLibrary.dll.embed.manifest.res
         x64\Debug\AbstractPlugin.obj
         x64\Debug\dllmain.obj
         x64\Debug\PluginLibrary.obj
         x64\Debug\stdafx.obj
            H:\dev\play\poco_test\x64\Debug\PluginLibrary.lib 라이브러리 및 H:\dev\play\poco_test\x64\Debug\PluginLibrary.exp 개체를 생성하고 있습니다.
         PluginLibrary.vcxproj -> H:\dev\play\poco_test\x64\Debug\PluginLibrary.dll
       FinalizeBuildStatus:
         "x64\Debug\PluginLibrary.unsuccessfulbuild" 파일을 삭제하고 있습니다.
         "x64\Debug\PluginLibrary.lastbuildstate"에 연결(touching)하고 있습니다.
     1>"H:\dev\play\poco_test\PluginLibrary\PluginLibrary.vcxproj" 프로젝트를 빌드했습니다(build 대상).

빌드했습니다.

경과 시간: 00:00:07.33
